f:\laragon\www\theseed\mmoserver\mmoserver\x64\release\vc142.pdb
f:\laragon\www\theseed\mmoserver\mmoserver\x64\release\xmlparser.obj
f:\laragon\www\theseed\mmoserver\mmoserver\x64\release\utils.obj
f:\laragon\www\theseed\mmoserver\mmoserver\x64\release\stringformatting.obj
f:\laragon\www\theseed\mmoserver\mmoserver\x64\release\sqlmanager.obj
f:\laragon\www\theseed\mmoserver\mmoserver\x64\release\serverutilities.obj
f:\laragon\www\theseed\mmoserver\mmoserver\x64\release\server.obj
f:\laragon\www\theseed\mmoserver\mmoserver\x64\release\opcodes.obj
f:\laragon\www\theseed\mmoserver\mmoserver\x64\release\npcspawner.obj
f:\laragon\www\theseed\mmoserver\mmoserver\x64\release\mmoserver.obj
f:\laragon\www\theseed\mmoserver\mmoserver\x64\release\inventorymanager.obj
f:\laragon\www\theseed\mmoserver\mmoserver\x64\release\client.obj
f:\laragon\www\theseed\mmoserver\x64\release\mmoserver.exe
f:\laragon\www\theseed\mmoserver\x64\release\mmoserver.pdb
f:\laragon\www\theseed\mmoserver\x64\release\mmoserver.ipdb
f:\laragon\www\theseed\mmoserver\x64\release\mmoserver.iobj
f:\laragon\www\theseed\mmoserver\mmoserver\x64\release\mmoserver.tlog\cl.command.1.tlog
f:\laragon\www\theseed\mmoserver\mmoserver\x64\release\mmoserver.tlog\cl.read.1.tlog
f:\laragon\www\theseed\mmoserver\mmoserver\x64\release\mmoserver.tlog\cl.write.1.tlog
f:\laragon\www\theseed\mmoserver\mmoserver\x64\release\mmoserver.tlog\link.command.1.tlog
f:\laragon\www\theseed\mmoserver\mmoserver\x64\release\mmoserver.tlog\link.read.1.tlog
f:\laragon\www\theseed\mmoserver\mmoserver\x64\release\mmoserver.tlog\link.write.1.tlog
f:\laragon\www\theseed\mmoserver\mmoserver\x64\release\mmoserver.tlog\mmoserver.write.1u.tlog
