  Client.cpp
F:\laragon\www\TheSeed\MMOserver\MMOserver\Client.cpp(42,114): warning C4267: 'argument' : conversion de 'size_t' en 'int', perte possible de données
  MMOserver.cpp
F:\laragon\www\TheSeed\MMOserver\MMOserver\MMOserver.cpp(31,33): warning C4244: 'argument' : conversion de 'SOCKET' en 'int', perte possible de données
  Opcodes.cpp
  Server.cpp
  clientAuth.cpp
  inventoryManager.cpp
  itemManager.cpp
  message.cpp
  messageManager.cpp
  npcSpawner.cpp
  serverGets.cpp
  skillManager.cpp
  utils.cpp
  xmlParser.cpp
  Génération de code en cours
  7 of 1357 functions ( 0.5%) were compiled, the rest were copied from previous compilation.
    1 functions were new in current compilation
    121 functions had inline decision re-evaluated but remain unchanged
  Fin de la génération du code
  MMOserver.vcxproj -> F:\laragon\www\TheSeed\MMOserver\x64\Release\MMOserver.exe
